ARM GAS  C:\Users\rinck\AppData\Local\Temp\cc2vS3Td.s 			page 1


   1              		.syntax unified
   2              		.cpu cortex-m4
   3              		.eabi_attribute 27, 1
   4              		.eabi_attribute 28, 1
   5              		.fpu fpv4-sp-d16
   6              		.eabi_attribute 20, 1
   7              		.eabi_attribute 21, 1
   8              		.eabi_attribute 23, 3
   9              		.eabi_attribute 24, 1
  10              		.eabi_attribute 25, 1
  11              		.eabi_attribute 26, 1
  12              		.eabi_attribute 30, 1
  13              		.eabi_attribute 34, 1
  14              		.eabi_attribute 18, 4
  15              		.thumb
  16              		.syntax unified
  17              		.file	"rin_pendsv.c"
  18              		.text
  19              	.Ltext0:
  20              		.cfi_sections	.debug_frame
  21              		.comm	svc_exc_return,4,4
  22              	.Letext0:
  23              		.file 1 "d:\\arm-none-eabi-gcc\\5.4 2016q3\\arm-none-eabi\\include\\machine\\_default_types.h"
  24              		.file 2 "d:\\arm-none-eabi-gcc\\5.4 2016q3\\arm-none-eabi\\include\\sys\\_stdint.h"
  25              		.file 3 "core/inc/rin_type.h"
  26              		.file 4 "core/kernel/rin_pendsv.c"
ARM GAS  C:\Users\rinck\AppData\Local\Temp\cc2vS3Td.s 			page 2


DEFINED SYMBOLS
                            *ABS*:00000000 rin_pendsv.c
                            *COM*:00000004 svc_exc_return

NO UNDEFINED SYMBOLS
