ARM GAS  C:\Users\rinck\AppData\Local\Temp\ccZRTp4D.s 			page 1


   1              		.syntax unified
   2              		.cpu cortex-m4
   3              		.eabi_attribute 27, 1
   4              		.eabi_attribute 28, 1
   5              		.fpu fpv4-sp-d16
   6              		.eabi_attribute 20, 1
   7              		.eabi_attribute 21, 1
   8              		.eabi_attribute 23, 3
   9              		.eabi_attribute 24, 1
  10              		.eabi_attribute 25, 1
  11              		.eabi_attribute 26, 1
  12              		.eabi_attribute 30, 1
  13              		.eabi_attribute 34, 1
  14              		.eabi_attribute 18, 4
  15              		.thumb
  16              		.syntax unified
  17              		.file	"rin_heartbeat.c"
  18              		.text
  19              	.Ltext0:
  20              		.cfi_sections	.debug_frame
  21              		.section	.text.LED_init,"ax",%progbits
  22              		.align	2
  23              		.global	LED_init
  24              		.thumb
  25              		.thumb_func
  27              	LED_init:
  28              	.LFB123:
  29              		.file 1 "core/toolbox/rin_heartbeat.c"
   1:core/toolbox/rin_heartbeat.c **** /*
   2:core/toolbox/rin_heartbeat.c ****  * MIT License
   3:core/toolbox/rin_heartbeat.c ****  * 
   4:core/toolbox/rin_heartbeat.c ****  * Copyright (c) [2018] [CSU Yangyang]
   5:core/toolbox/rin_heartbeat.c ****  * 
   6:core/toolbox/rin_heartbeat.c ****  * Permission is hereby granted, free of charge, to any person obtaining a copy
   7:core/toolbox/rin_heartbeat.c ****  * of this software and associated documentation files (the "Software"), to deal
   8:core/toolbox/rin_heartbeat.c ****  * in the Software without restriction, including without limitation the rights
   9:core/toolbox/rin_heartbeat.c ****  * to use, copy, modify, merge, publish, distribute, sublicense, and/or sell
  10:core/toolbox/rin_heartbeat.c ****  * copies of the Software, and to permit persons to whom the Software is
  11:core/toolbox/rin_heartbeat.c ****  * furnished to do so, subject to the following conditions:
  12:core/toolbox/rin_heartbeat.c ****  * 
  13:core/toolbox/rin_heartbeat.c ****  * The above copyright notice and this permission notice shall be included in all
  14:core/toolbox/rin_heartbeat.c ****  * copies or substantial portions of the Software.
  15:core/toolbox/rin_heartbeat.c ****  * 
  16:core/toolbox/rin_heartbeat.c ****  * THE SOFTWARE IS PROVIDED "AS IS", WITHOUT WARRANTY OF ANY KIND, EXPRESS OR
  17:core/toolbox/rin_heartbeat.c ****  * IMPLIED, INCLUDING BUT NOT LIMITED TO THE WARRANTIES OF MERCHANTABILITY,
  18:core/toolbox/rin_heartbeat.c ****  * FITNESS FOR A PARTICULAR PURPOSE AND NONINFRINGEMENT. IN NO EVENT SHALL THE
  19:core/toolbox/rin_heartbeat.c ****  * AUTHORS OR COPYRIGHT HOLDERS BE LIABLE FOR ANY CLAIM, DAMAGES OR OTHER
  20:core/toolbox/rin_heartbeat.c ****  * LIABILITY, WHETHER IN AN ACTION OF CONTRACT, TORT OR OTHERWISE, ARISING FROM,
  21:core/toolbox/rin_heartbeat.c ****  * OUT OF OR IN CONNECTION WITH THE SOFTWARE OR THE USE OR OTHER DEALINGS IN THE
  22:core/toolbox/rin_heartbeat.c ****  * SOFTWARE.
  23:core/toolbox/rin_heartbeat.c ****  */
  24:core/toolbox/rin_heartbeat.c **** 
  25:core/toolbox/rin_heartbeat.c **** 
  26:core/toolbox/rin_heartbeat.c **** #include "rin_heartbeat.h"
  27:core/toolbox/rin_heartbeat.c **** 
  28:core/toolbox/rin_heartbeat.c **** 
  29:core/toolbox/rin_heartbeat.c **** void LED_init(void)
ARM GAS  C:\Users\rinck\AppData\Local\Temp\ccZRTp4D.s 			page 2


  30:core/toolbox/rin_heartbeat.c **** {
  30              		.loc 1 30 0
  31              		.cfi_startproc
  32              		@ args = 0, pretend = 0, frame = 8
  33              		@ frame_needed = 0, uses_anonymous_args = 0
  34 0000 00B5     		push	{lr}
  35              	.LCFI0:
  36              		.cfi_def_cfa_offset 4
  37              		.cfi_offset 14, -4
  38 0002 83B0     		sub	sp, sp, #12
  39              	.LCFI1:
  40              		.cfi_def_cfa_offset 16
  31:core/toolbox/rin_heartbeat.c ****     GPIO_InitTypeDef gpio_led_struct;
  32:core/toolbox/rin_heartbeat.c ****     RCC_AHB1PeriphClockCmd(RCC_AHB1Periph_GPIOC, ENABLE);
  41              		.loc 1 32 0
  42 0004 0121     		movs	r1, #1
  43 0006 0420     		movs	r0, #4
  44 0008 FFF7FEFF 		bl	RCC_AHB1PeriphClockCmd
  45              	.LVL0:
  33:core/toolbox/rin_heartbeat.c **** 
  34:core/toolbox/rin_heartbeat.c ****     gpio_led_struct.GPIO_Pin = GPIO_Pin_0 | GPIO_Pin_1 | GPIO_Pin_2 | GPIO_Pin_3;
  46              		.loc 1 34 0
  47 000c 0F23     		movs	r3, #15
  48 000e 0093     		str	r3, [sp]
  35:core/toolbox/rin_heartbeat.c ****     gpio_led_struct.GPIO_Mode = GPIO_Mode_OUT;
  49              		.loc 1 35 0
  50 0010 0123     		movs	r3, #1
  51 0012 8DF80430 		strb	r3, [sp, #4]
  36:core/toolbox/rin_heartbeat.c ****     gpio_led_struct.GPIO_Speed  = GPIO_Speed_100MHz;
  52              		.loc 1 36 0
  53 0016 0323     		movs	r3, #3
  54 0018 8DF80530 		strb	r3, [sp, #5]
  37:core/toolbox/rin_heartbeat.c ****     gpio_led_struct.GPIO_OType  = GPIO_OType_PP;
  55              		.loc 1 37 0
  56 001c 0023     		movs	r3, #0
  57 001e 8DF80630 		strb	r3, [sp, #6]
  38:core/toolbox/rin_heartbeat.c ****     gpio_led_struct.GPIO_PuPd   = GPIO_PuPd_NOPULL;
  58              		.loc 1 38 0
  59 0022 8DF80730 		strb	r3, [sp, #7]
  39:core/toolbox/rin_heartbeat.c **** 
  40:core/toolbox/rin_heartbeat.c ****     GPIO_Init(GPIOC, &gpio_led_struct);
  60              		.loc 1 40 0
  61 0026 6946     		mov	r1, sp
  62 0028 0248     		ldr	r0, .L3
  63 002a FFF7FEFF 		bl	GPIO_Init
  64              	.LVL1:
  41:core/toolbox/rin_heartbeat.c **** }...
  65              		.loc 1 41 0
  66 002e 03B0     		add	sp, sp, #12
  67              	.LCFI2:
  68              		.cfi_def_cfa_offset 4
  69              		@ sp needed
  70 0030 5DF804FB 		ldr	pc, [sp], #4
  71              	.L4:
  72              		.align	2
  73              	.L3:
  74 0034 00080240 		.word	1073874944
ARM GAS  C:\Users\rinck\AppData\Local\Temp\ccZRTp4D.s 			page 3


  75              		.cfi_endproc
  76              	.LFE123:
  78              		.text
  79              	.Letext0:
  80              		.file 2 "d:\\arm-none-eabi-gcc\\5.4 2016q3\\arm-none-eabi\\include\\machine\\_default_types.h"
  81              		.file 3 "d:\\arm-none-eabi-gcc\\5.4 2016q3\\arm-none-eabi\\include\\sys\\_stdint.h"
  82              		.file 4 "lib/stm32f4xx.h"
  83              		.file 5 "lib/inc/stm32f4xx_gpio.h"
  84              		.file 6 "lib/inc/stm32f4xx_rcc.h"
  85              		.file 7 "lib/system/core_cm4.h"
ARM GAS  C:\Users\rinck\AppData\Local\Temp\ccZRTp4D.s 			page 4


DEFINED SYMBOLS
                            *ABS*:00000000 rin_heartbeat.c
C:\Users\rinck\AppData\Local\Temp\ccZRTp4D.s:22     .text.LED_init:00000000 $t
C:\Users\rinck\AppData\Local\Temp\ccZRTp4D.s:27     .text.LED_init:00000000 LED_init
C:\Users\rinck\AppData\Local\Temp\ccZRTp4D.s:74     .text.LED_init:00000034 $d
                     .debug_frame:00000010 $d

UNDEFINED SYMBOLS
RCC_AHB1PeriphClockCmd
GPIO_Init
